<?xml version="1.0" encoding="UTF-8"?>
<testsuite xmlns:xsi="http://www.w3.org/2001/XMLSchema-instance" xsi:noNamespaceSchemaLocation="https://maven.apache.org/surefire/maven-surefire-plugin/xsd/surefire-test-report-3.0.xsd" version="3.0" name="com.utyadav.company.NSNLeaveRequest.ProcessUnitTest" time="5.268" tests="1" errors="1" skipped="0" failures="0">
  <properties>
    <property name="java.specification.version" value="15"/>
    <property name="sun.cpu.isalist" value="amd64"/>
    <property name="sun.jnu.encoding" value="Cp1252"/>
    <property name="java.class.path" value="C:\Users\utyadav\eclipse-workspace-2\NSNLeaveRequest\target\test-classes;C:\Users\utyadav\eclipse-workspace-2\NSNLeaveRequest\target\classes;C:\Users\utyadav\.m2\repository\org\camunda\bpm\camunda-engine\7.14.0\camunda-engine-7.14.0.jar;C:\Users\utyadav\.m2\repository\org\camunda\bpm\model\camunda-bpmn-model\7.14.0\camunda-bpmn-model-7.14.0.jar;C:\Users\utyadav\.m2\repository\org\camunda\bpm\model\camunda-xml-model\7.14.0\camunda-xml-model-7.14.0.jar;C:\Users\utyadav\.m2\repository\org\camunda\bpm\model\camunda-cmmn-model\7.14.0\camunda-cmmn-model-7.14.0.jar;C:\Users\utyadav\.m2\repository\org\camunda\bpm\dmn\camunda-engine-dmn\7.14.0\camunda-engine-dmn-7.14.0.jar;C:\Users\utyadav\.m2\repository\org\camunda\bpm\model\camunda-dmn-model\7.14.0\camunda-dmn-model-7.14.0.jar;C:\Users\utyadav\.m2\repository\org\camunda\bpm\dmn\camunda-engine-feel-api\7.14.0\camunda-engine-feel-api-7.14.0.jar;C:\Users\utyadav\.m2\repository\org\camunda\bpm\dmn\camunda-engine-feel-juel\7.14.0\camunda-engine-feel-juel-7.14.0.jar;C:\Users\utyadav\.m2\repository\org\camunda\bpm\dmn\camunda-engine-feel-scala\7.14.0\camunda-engine-feel-scala-7.14.0.jar;C:\Users\utyadav\.m2\repository\org\camunda\commons\camunda-commons-logging\1.9.0\camunda-commons-logging-1.9.0.jar;C:\Users\utyadav\.m2\repository\org\camunda\commons\camunda-commons-typed-values\7.14.0\camunda-commons-typed-values-7.14.0.jar;C:\Users\utyadav\.m2\repository\org\mybatis\mybatis\3.5.3\mybatis-3.5.3.jar;C:\Users\utyadav\.m2\repository\org\springframework\spring-beans\5.2.8.RELEASE\spring-beans-5.2.8.RELEASE.jar;C:\Users\utyadav\.m2\repository\org\springframework\spring-core\5.2.8.RELEASE\spring-core-5.2.8.RELEASE.jar;C:\Users\utyadav\.m2\repository\org\springframework\spring-jcl\5.2.8.RELEASE\spring-jcl-5.2.8.RELEASE.jar;C:\Users\utyadav\.m2\repository\joda-time\joda-time\2.1\joda-time-2.1.jar;C:\Users\utyadav\.m2\repository\org\camunda\connect\camunda-connect-core\1.5.0\camunda-connect-core-1.5.0.jar;C:\Users\utyadav\.m2\repository\org\camunda\connect\camunda-connect-connectors-all\1.5.0\camunda-connect-connectors-all-1.5.0.jar;C:\Users\utyadav\.m2\repository\org\camunda\bpm\extension\camunda-bpm-assert\1.2\camunda-bpm-assert-1.2.jar;C:\Users\utyadav\.m2\repository\org\assertj\assertj-core\1.7.0\assertj-core-1.7.0.jar;C:\Users\utyadav\.m2\repository\org\camunda\spin\camunda-spin-dataformat-all\1.10.0\camunda-spin-dataformat-all-1.10.0.jar;C:\Users\utyadav\.m2\repository\org\camunda\spin\camunda-spin-core\1.10.0\camunda-spin-core-1.10.0.jar;C:\Users\utyadav\.m2\repository\org\slf4j\slf4j-api\1.7.26\slf4j-api-1.7.26.jar;C:\Users\utyadav\.m2\repository\org\camunda\commons\camunda-commons-utils\1.9.0\camunda-commons-utils-1.9.0.jar;C:\Users\utyadav\.m2\repository\org\camunda\bpm\camunda-engine-plugin-spin\7.14.0\camunda-engine-plugin-spin-7.14.0.jar;C:\Users\utyadav\.m2\repository\org\camunda\template-engines\camunda-template-engines-freemarker\2.0.0\camunda-template-engines-freemarker-2.0.0.jar;C:\Users\utyadav\.m2\repository\org\freemarker\freemarker\2.3.29\freemarker-2.3.29.jar;C:\Users\utyadav\.m2\repository\org\camunda\template-engines\camunda-template-engines-velocity\2.0.0\camunda-template-engines-velocity-2.0.0.jar;C:\Users\utyadav\.m2\repository\org\apache\velocity\velocity-engine-core\2.2\velocity-engine-core-2.2.jar;C:\Users\utyadav\.m2\repository\javax\servlet\javax.servlet-api\3.1.0\javax.servlet-api-3.1.0.jar;C:\Users\utyadav\.m2\repository\junit\junit\4.12\junit-4.12.jar;C:\Users\utyadav\.m2\repository\org\hamcrest\hamcrest-core\1.3\hamcrest-core-1.3.jar;C:\Users\utyadav\.m2\repository\com\h2database\h2\1.4.197\h2-1.4.197.jar;C:\Users\utyadav\.m2\repository\org\camunda\bpm\extension\camunda-bpm-process-test-coverage\0.3.2\camunda-bpm-process-test-coverage-0.3.2.jar;C:\Users\utyadav\.m2\repository\commons-io\commons-io\2.5\commons-io-2.5.jar;C:\Users\utyadav\.m2\repository\org\apache\commons\commons-lang3\3.4\commons-lang3-3.4.jar;C:\Users\utyadav\.m2\repository\org\hamcrest\hamcrest-library\1.3\hamcrest-library-1.3.jar;C:\Users\utyadav\.m2\repository\ch\qos\logback\logback-classic\1.1.3\logback-classic-1.1.3.jar;C:\Users\utyadav\.m2\repository\ch\qos\logback\logback-core\1.1.3\logback-core-1.1.3.jar;C:\Users\utyadav\.m2\repository\org\slf4j\jcl-over-slf4j\1.7.25\jcl-over-slf4j-1.7.25.jar;C:\Users\utyadav\eclipse-workspace-2\mail.jar;C:\Users\utyadav\.m2\repository\javax\mail\mail\1.4\mail-1.4.jar;C:\Users\utyadav\.m2\repository\javax\activation\activation\1.1\activation-1.1.jar;C:\Users\utyadav\.m2\repository\javax\mail\javax.mail-api\1.6.0\javax.mail-api-1.6.0.jar;C:\Users\utyadav\.m2\repository\org\apache\commons\commons-email\1.2\commons-email-1.2.jar;C:\Users\utyadav\.m2\repository\org\slf4j\jul-to-slf4j\1.7.25\jul-to-slf4j-1.7.25.jar;"/>
    <property name="java.vm.vendor" value="Oracle Corporation"/>
    <property name="sun.arch.data.model" value="64"/>
    <property name="user.variant" value=""/>
    <property name="java.vendor.url" value="https://java.oracle.com/"/>
    <property name="user.timezone" value="Asia/Calcutta"/>
    <property name="os.name" value="Windows 10"/>
    <property name="java.vm.specification.version" value="15"/>
    <property name="sun.java.launcher" value="SUN_STANDARD"/>
    <property name="user.country" value="IN"/>
    <property name="sun.boot.library.path" value="C:\Users\utyadav\.p2\pool\plugins\org.eclipse.justj.openjdk.hotspot.jre.full.win32.x86_64_15.0.1.v20201027-0507\jre\bin"/>
    <property name="sun.java.command" value="C:\Users\utyadav\AppData\Local\Temp\surefire8444769313930135275\surefirebooter6124038515366308571.jar C:\Users\utyadav\AppData\Local\Temp\surefire8444769313930135275 2021-01-08T00-06-30_172-jvmRun1 surefire16529414708123745000tmp surefire_05066976610142295945tmp"/>
    <property name="jdk.debug" value="release"/>
    <property name="surefire.test.class.path" value="C:\Users\utyadav\eclipse-workspace-2\NSNLeaveRequest\target\test-classes;C:\Users\utyadav\eclipse-workspace-2\NSNLeaveRequest\target\classes;C:\Users\utyadav\.m2\repository\org\camunda\bpm\camunda-engine\7.14.0\camunda-engine-7.14.0.jar;C:\Users\utyadav\.m2\repository\org\camunda\bpm\model\camunda-bpmn-model\7.14.0\camunda-bpmn-model-7.14.0.jar;C:\Users\utyadav\.m2\repository\org\camunda\bpm\model\camunda-xml-model\7.14.0\camunda-xml-model-7.14.0.jar;C:\Users\utyadav\.m2\repository\org\camunda\bpm\model\camunda-cmmn-model\7.14.0\camunda-cmmn-model-7.14.0.jar;C:\Users\utyadav\.m2\repository\org\camunda\bpm\dmn\camunda-engine-dmn\7.14.0\camunda-engine-dmn-7.14.0.jar;C:\Users\utyadav\.m2\repository\org\camunda\bpm\model\camunda-dmn-model\7.14.0\camunda-dmn-model-7.14.0.jar;C:\Users\utyadav\.m2\repository\org\camunda\bpm\dmn\camunda-engine-feel-api\7.14.0\camunda-engine-feel-api-7.14.0.jar;C:\Users\utyadav\.m2\repository\org\camunda\bpm\dmn\camunda-engine-feel-juel\7.14.0\camunda-engine-feel-juel-7.14.0.jar;C:\Users\utyadav\.m2\repository\org\camunda\bpm\dmn\camunda-engine-feel-scala\7.14.0\camunda-engine-feel-scala-7.14.0.jar;C:\Users\utyadav\.m2\repository\org\camunda\commons\camunda-commons-logging\1.9.0\camunda-commons-logging-1.9.0.jar;C:\Users\utyadav\.m2\repository\org\camunda\commons\camunda-commons-typed-values\7.14.0\camunda-commons-typed-values-7.14.0.jar;C:\Users\utyadav\.m2\repository\org\mybatis\mybatis\3.5.3\mybatis-3.5.3.jar;C:\Users\utyadav\.m2\repository\org\springframework\spring-beans\5.2.8.RELEASE\spring-beans-5.2.8.RELEASE.jar;C:\Users\utyadav\.m2\repository\org\springframework\spring-core\5.2.8.RELEASE\spring-core-5.2.8.RELEASE.jar;C:\Users\utyadav\.m2\repository\org\springframework\spring-jcl\5.2.8.RELEASE\spring-jcl-5.2.8.RELEASE.jar;C:\Users\utyadav\.m2\repository\joda-time\joda-time\2.1\joda-time-2.1.jar;C:\Users\utyadav\.m2\repository\org\camunda\connect\camunda-connect-core\1.5.0\camunda-connect-core-1.5.0.jar;C:\Users\utyadav\.m2\repository\org\camunda\connect\camunda-connect-connectors-all\1.5.0\camunda-connect-connectors-all-1.5.0.jar;C:\Users\utyadav\.m2\repository\org\camunda\bpm\extension\camunda-bpm-assert\1.2\camunda-bpm-assert-1.2.jar;C:\Users\utyadav\.m2\repository\org\assertj\assertj-core\1.7.0\assertj-core-1.7.0.jar;C:\Users\utyadav\.m2\repository\org\camunda\spin\camunda-spin-dataformat-all\1.10.0\camunda-spin-dataformat-all-1.10.0.jar;C:\Users\utyadav\.m2\repository\org\camunda\spin\camunda-spin-core\1.10.0\camunda-spin-core-1.10.0.jar;C:\Users\utyadav\.m2\repository\org\slf4j\slf4j-api\1.7.26\slf4j-api-1.7.26.jar;C:\Users\utyadav\.m2\repository\org\camunda\commons\camunda-commons-utils\1.9.0\camunda-commons-utils-1.9.0.jar;C:\Users\utyadav\.m2\repository\org\camunda\bpm\camunda-engine-plugin-spin\7.14.0\camunda-engine-plugin-spin-7.14.0.jar;C:\Users\utyadav\.m2\repository\org\camunda\template-engines\camunda-template-engines-freemarker\2.0.0\camunda-template-engines-freemarker-2.0.0.jar;C:\Users\utyadav\.m2\repository\org\freemarker\freemarker\2.3.29\freemarker-2.3.29.jar;C:\Users\utyadav\.m2\repository\org\camunda\template-engines\camunda-template-engines-velocity\2.0.0\camunda-template-engines-velocity-2.0.0.jar;C:\Users\utyadav\.m2\repository\org\apache\velocity\velocity-engine-core\2.2\velocity-engine-core-2.2.jar;C:\Users\utyadav\.m2\repository\javax\servlet\javax.servlet-api\3.1.0\javax.servlet-api-3.1.0.jar;C:\Users\utyadav\.m2\repository\junit\junit\4.12\junit-4.12.jar;C:\Users\utyadav\.m2\repository\org\hamcrest\hamcrest-core\1.3\hamcrest-core-1.3.jar;C:\Users\utyadav\.m2\repository\com\h2database\h2\1.4.197\h2-1.4.197.jar;C:\Users\utyadav\.m2\repository\org\camunda\bpm\extension\camunda-bpm-process-test-coverage\0.3.2\camunda-bpm-process-test-coverage-0.3.2.jar;C:\Users\utyadav\.m2\repository\commons-io\commons-io\2.5\commons-io-2.5.jar;C:\Users\utyadav\.m2\repository\org\apache\commons\commons-lang3\3.4\commons-lang3-3.4.jar;C:\Users\utyadav\.m2\repository\org\hamcrest\hamcrest-library\1.3\hamcrest-library-1.3.jar;C:\Users\utyadav\.m2\repository\ch\qos\logback\logback-classic\1.1.3\logback-classic-1.1.3.jar;C:\Users\utyadav\.m2\repository\ch\qos\logback\logback-core\1.1.3\logback-core-1.1.3.jar;C:\Users\utyadav\.m2\repository\org\slf4j\jcl-over-slf4j\1.7.25\jcl-over-slf4j-1.7.25.jar;C:\Users\utyadav\eclipse-workspace-2\mail.jar;C:\Users\utyadav\.m2\repository\javax\mail\mail\1.4\mail-1.4.jar;C:\Users\utyadav\.m2\repository\javax\activation\activation\1.1\activation-1.1.jar;C:\Users\utyadav\.m2\repository\javax\mail\javax.mail-api\1.6.0\javax.mail-api-1.6.0.jar;C:\Users\utyadav\.m2\repository\org\apache\commons\commons-email\1.2\commons-email-1.2.jar;C:\Users\utyadav\.m2\repository\org\slf4j\jul-to-slf4j\1.7.25\jul-to-slf4j-1.7.25.jar;"/>
    <property name="sun.cpu.endian" value="little"/>
    <property name="user.home" value="C:\Users\utyadav"/>
    <property name="user.language" value="en"/>
    <property name="java.specification.vendor" value="Oracle Corporation"/>
    <property name="java.version.date" value="2020-10-20"/>
    <property name="java.home" value="C:\Users\utyadav\.p2\pool\plugins\org.eclipse.justj.openjdk.hotspot.jre.full.win32.x86_64_15.0.1.v20201027-0507\jre"/>
    <property name="file.separator" value="\"/>
    <property name="basedir" value="C:\Users\utyadav\eclipse-workspace-2\NSNLeaveRequest"/>
    <property name="java.vm.compressedOopsMode" value="32-bit"/>
    <property name="line.separator" value="&#10;"/>
    <property name="java.vm.specification.vendor" value="Oracle Corporation"/>
    <property name="java.specification.name" value="Java Platform API Specification"/>
    <property name="surefire.real.class.path" value="C:\Users\utyadav\AppData\Local\Temp\surefire8444769313930135275\surefirebooter6124038515366308571.jar"/>
    <property name="user.script" value=""/>
    <property name="sun.management.compiler" value="HotSpot 64-Bit Tiered Compilers"/>
    <property name="java.runtime.version" value="15.0.1+9-18"/>
    <property name="user.name" value="utyadav"/>
    <property name="path.separator" value=";"/>
    <property name="os.version" value="10.0"/>
    <property name="java.runtime.name" value="OpenJDK Runtime Environment"/>
    <property name="file.encoding" value="Cp1252"/>
    <property name="java.vm.name" value="OpenJDK 64-Bit Server VM"/>
    <property name="localRepository" value="C:\Users\utyadav\.m2\repository"/>
    <property name="java.vendor.url.bug" value="https://bugreport.java.com/bugreport/"/>
    <property name="java.io.tmpdir" value="C:\Users\utyadav\AppData\Local\Temp\"/>
    <property name="java.version" value="15.0.1"/>
    <property name="user.dir" value="C:\Users\utyadav\eclipse-workspace-2\NSNLeaveRequest"/>
    <property name="os.arch" value="amd64"/>
    <property name="java.vm.specification.name" value="Java Virtual Machine Specification"/>
    <property name="sun.os.patch.level" value=""/>
    <property name="java.library.path" value="C:\Users\utyadav\.p2\pool\plugins\org.eclipse.justj.openjdk.hotspot.jre.full.win32.x86_64_15.0.1.v20201027-0507\jre\bin;C:\WINDOWS\Sun\Java\bin;C:\WINDOWS\system32;C:\WINDOWS;C:/Users/utyadav/.p2/pool/plugins/org.eclipse.justj.openjdk.hotspot.jre.full.win32.x86_64_15.0.1.v20201027-0507/jre/bin/server;C:/Users/utyadav/.p2/pool/plugins/org.eclipse.justj.openjdk.hotspot.jre.full.win32.x86_64_15.0.1.v20201027-0507/jre/bin;C:\Program Files\AdoptOpenJDK\jdk-15.0.1.9-hotspot\bin;C:\Program Files\AdoptOpenJDK\jdk-11.0.9.101-hotspot\bin;C:\Program Files\AdoptOpenJDK\jdk-8.0.275.1-hotspot\bin;C:\Program Files (x86)\Common Files\Oracle\Java\javapath;C:\WINDOWS\system32;C:\WINDOWS;C:\WINDOWS\System32\Wbem;C:\WINDOWS\System32\WindowsPowerShell\v1.0\;C:\WINDOWS\System32\OpenSSH\;C:\Program Files (x86)\Webex\Webex\Applications;C:\Program Files (x86)\SafeCom\SafeComPrintClient;C:\Program Files (x86)\Adaptiva\AdaptivaClient\bin\x32;C:\Program Files (x86)\Adaptiva\AdaptivaClient\bin\x64;C:\elk_stack\elasticsearch-7.10.0\bin;C:\elk_stack\kibana-7.10.0\bin;C:\elk_stack\logstash-7.10.0\bin;C:\Program Files\Git\cmd;C:\Program Files (x86)\Sennheiser\SenncomSDK\;C:\Program Files\Java\jdk1.8.0_271\bin;C:\Program Files\apache-maven-3.6.3\bin;C:\Users\utyadav\AppData\Local\Programs\Python\Python38\Scripts\;C:\Users\utyadav\AppData\Local\Programs\Python\Python38\;C:\Users\utyadav\AppData\Local\Microsoft\WindowsApps;;C:\Program Files\JetBrains\IntelliJ IDEA 2020.2.4\bin;;C:\Users\utyadav\AppData\Local\Programs\Microsoft VS Code\bin;C:\WINDOWS\system32;;."/>
    <property name="java.vm.info" value="mixed mode"/>
    <property name="java.vendor" value="Oracle Corporation"/>
    <property name="java.vm.version" value="15.0.1+9-18"/>
    <property name="sun.io.unicode.encoding" value="UnicodeLittle"/>
    <property name="java.class.version" value="59.0"/>
  </properties>
  <testcase name="testHappyPath" classname="com.utyadav.company.NSNLeaveRequest.ProcessUnitTest" time="0.653">
    <error message="Unresolved compilation problem: &#10;	PROCESS_DEFINITION_KEY cannot be resolved or is not a field&#10;" type="java.lang.Error">java.lang.Error: 
Unresolved compilation problem: 
	PROCESS_DEFINITION_KEY cannot be resolved or is not a field

	at com.utyadav.company.NSNLeaveRequest.ProcessUnitTest.testHappyPath(ProcessUnitTest.java:40)
</error>
    <system-out><![CDATA[00:06:41.340 [main] DEBUG org.camunda.bpm.engine.test - ==== BUILDING PROCESS ENGINE ========================================================================
00:06:41.740 [main] INFO  org.camunda.bpm.engine.cfg - ENGINE-12003 Plugin 'SpinProcessEnginePlugin' activated on process engine 'default'
00:06:41.747 [main] INFO  org.camunda.spin - SPIN-01010 Discovered Spin data format provider: org.camunda.spin.impl.json.jackson.format.JacksonJsonDataFormatProvider[name = application/json]
00:06:41.932 [main] INFO  org.camunda.spin - SPIN-01010 Discovered Spin data format provider: org.camunda.spin.impl.xml.dom.format.DomXmlDataFormatProvider[name = application/xml]
00:06:41.943 [main] INFO  org.camunda.spin - SPIN-01009 Discovered Spin data format: org.camunda.spin.impl.xml.dom.format.DomXmlDataFormat[name = application/xml]
00:06:41.943 [main] INFO  org.camunda.spin - SPIN-01009 Discovered Spin data format: org.camunda.spin.impl.json.jackson.format.JacksonJsonDataFormat[name = application/json]
00:06:42.060 [main] INFO  org.camunda.bpm.dmn.feel.scala - FEEL/SCALA-01001 Spin value mapper detected
00:06:42.175 [main] INFO  org.camunda.feel.FeelEngine - Engine created. [value-mapper: CompositeValueMapper(List(org.camunda.feel.impl.JavaValueMapper@4a55a6e8, org.camunda.spin.plugin.impl.feel.integration.SpinValueMapper@8c46918)), function-provider: org.camunda.bpm.dmn.feel.impl.scala.function.CustomFunctionTransformer@522ba524, clock: SystemClock, configuration: Configuration(false)]
00:06:45.287 [main] INFO  org.camunda.bpm.connect - CNCT-01004 Discovered provider for connector id 'http-connector' and class 'org.camunda.connect.httpclient.impl.HttpConnectorImpl': 'org.camunda.connect.httpclient.impl.HttpConnectorProviderImpl'
00:06:45.289 [main] INFO  org.camunda.bpm.connect - CNCT-01004 Discovered provider for connector id 'soap-http-connector' and class 'org.camunda.connect.httpclient.soap.impl.SoapHttpConnectorImpl': 'org.camunda.connect.httpclient.soap.impl.SoapHttpConnectorProviderImpl'
00:06:45.457 [main] INFO  org.camunda.bpm.engine.persistence - ENGINE-03016 Performing database operation 'create' on component 'engine' with resource 'org/camunda/bpm/engine/db/create/activiti.h2.create.engine.sql'
00:06:45.502 [main] INFO  org.camunda.bpm.engine.persistence - ENGINE-03016 Performing database operation 'create' on component 'history' with resource 'org/camunda/bpm/engine/db/create/activiti.h2.create.history.sql'
00:06:45.517 [main] INFO  org.camunda.bpm.engine.persistence - ENGINE-03016 Performing database operation 'create' on component 'identity' with resource 'org/camunda/bpm/engine/db/create/activiti.h2.create.identity.sql'
00:06:45.541 [main] INFO  org.camunda.bpm.engine.persistence - ENGINE-03016 Performing database operation 'create' on component 'case.engine' with resource 'org/camunda/bpm/engine/db/create/activiti.h2.create.case.engine.sql'
00:06:45.547 [main] INFO  org.camunda.bpm.engine.persistence - ENGINE-03016 Performing database operation 'create' on component 'case.history' with resource 'org/camunda/bpm/engine/db/create/activiti.h2.create.case.history.sql'
00:06:45.553 [main] INFO  org.camunda.bpm.engine.persistence - ENGINE-03016 Performing database operation 'create' on component 'decision.engine' with resource 'org/camunda/bpm/engine/db/create/activiti.h2.create.decision.engine.sql'
00:06:45.563 [main] INFO  org.camunda.bpm.engine.persistence - ENGINE-03016 Performing database operation 'create' on component 'decision.history' with resource 'org/camunda/bpm/engine/db/create/activiti.h2.create.decision.history.sql'
00:06:45.586 [main] INFO  org.camunda.bpm.engine.persistence - ENGINE-03067 No history level property found in database
00:06:45.586 [main] INFO  org.camunda.bpm.engine.persistence - ENGINE-03065 Creating historyLevel property in database for level: HistoryLevelFull(name=full, id=3)
00:06:45.659 [main] INFO  org.camunda.bpm.engine - ENGINE-00001 Process Engine default created.
00:06:45.661 [main] DEBUG org.camunda.bpm.engine.test - ==== PROCESS ENGINE CREATED =========================================================================
00:06:45.666 [main] DEBUG org.camunda.bpm.engine.test - annotation @Deployment creates deployment for ProcessUnitTest.testHappyPath
00:06:46.284 [main] DEBUG org.camunda.bpm.engine.test - annotation @Deployment deletes deployment for ProcessUnitTest.testHappyPath
]]></system-out>
    <system-err><![CDATA[Jan 08, 2021 12:06:46 AM org.camunda.bpm.extension.process_test_coverage.junit.rules.TestCoverageProcessEngineRule failed
INFO: testHappyPath(com.utyadav.company.NSNLeaveRequest.ProcessUnitTest) failed.
Jan 08, 2021 12:06:46 AM org.camunda.bpm.extension.process_test_coverage.junit.rules.TestCoverageProcessEngineRule handleTestMethodCoverage
INFO: testHappyPath test method coverage is 0.0
]]></system-err>
  </testcase>
</testsuite>